oMerGPT runtime smoke test - 2025-11-03T06:12:20.815754Z
Working dir: C:\LLM\omerGPT
Python: C:\anaconda\envs\omergpt\python.exe


--- MODULE: src.ingestion.binance_ws ---
  classes: ['AsyncRateLimiter', 'BinanceIngestion', 'BinanceWebSocketClient', 'MockWebSocket']
  functions: ['async_retry', 'load_config', 'run_demo', 'setup_structured_logging', 'snapshot_orderbook']
  instantiate BinanceIngestion FAILED: instantiation failed: BinanceIngestion.__init__() missing 1 required positional argument: 'db_manager'
Traceback (most recent call last):
  File "C:\LLM\omerGPT\test_run.py", line 35, in safe_instantiate
    inst = cls(*args, **kwargs)
           ^^^^^^^^^^^^^^^^^^^^
TypeError: BinanceIngestion.__init__() missing 1 required positional argument: 'db_manager'

  instantiate AsyncRateLimiter FAILED: instantiation failed: AsyncRateLimiter.__init__() got an unexpected keyword argument 'symbols'
Traceback (most recent call last):
  File "C:\LLM\omerGPT\test_run.py", line 35, in safe_instantiate
    inst = cls(*args, **kwargs)
           ^^^^^^^^^^^^^^^^^^^^
TypeError: AsyncRateLimiter.__init__() got an unexpected keyword argument 'symbols'

  instantiate BinanceIngestion FAILED: instantiation failed: BinanceIngestion.__init__() missing 1 required positional argument: 'db_manager'
Traceback (most recent call last):
  File "C:\LLM\omerGPT\test_run.py", line 35, in safe_instantiate
    inst = cls(*args, **kwargs)
           ^^^^^^^^^^^^^^^^^^^^
TypeError: BinanceIngestion.__init__() missing 1 required positional argument: 'db_manager'

  instantiate BinanceWebSocketClient FAILED: instantiation failed: BinanceIngestion.__init__() missing 1 required positional argument: 'db_manager'
Traceback (most recent call last):
  File "C:\LLM\omerGPT\test_run.py", line 35, in safe_instantiate
    inst = cls(*args, **kwargs)
           ^^^^^^^^^^^^^^^^^^^^
TypeError: BinanceIngestion.__init__() missing 1 required positional argument: 'db_manager'

  instantiate MockWebSocket FAILED: instantiation failed: MockWebSocket.__init__() got an unexpected keyword argument 'symbols'
Traceback (most recent call last):
  File "C:\LLM\omerGPT\test_run.py", line 35, in safe_instantiate
    inst = cls(*args, **kwargs)
           ^^^^^^^^^^^^^^^^^^^^
TypeError: MockWebSocket.__init__() got an unexpected keyword argument 'symbols'

  No preferred class instantiated. (Either module is functional-only or constructors require env/resources).

--- MODULE: src.ingestion.kraken_ws ---
  classes: ['AsyncRateLimiter', 'KrakenIngestion', 'MockWebSocket']
  functions: ['async_retry', 'load_config', 'run_demo', 'setup_structured_logging']
  instantiate KrakenIngestion FAILED: instantiation failed: KrakenIngestion.__init__() missing 1 required positional argument: 'db_manager'
Traceback (most recent call last):
  File "C:\LLM\omerGPT\test_run.py", line 35, in safe_instantiate
    inst = cls(*args, **kwargs)
           ^^^^^^^^^^^^^^^^^^^^
TypeError: KrakenIngestion.__init__() missing 1 required positional argument: 'db_manager'

  instantiate AsyncRateLimiter FAILED: instantiation failed: AsyncRateLimiter.__init__() got an unexpected keyword argument 'symbols'
Traceback (most recent call last):
  File "C:\LLM\omerGPT\test_run.py", line 35, in safe_instantiate
    inst = cls(*args, **kwargs)
           ^^^^^^^^^^^^^^^^^^^^
TypeError: AsyncRateLimiter.__init__() got an unexpected keyword argument 'symbols'

  instantiate KrakenIngestion FAILED: instantiation failed: KrakenIngestion.__init__() missing 1 required positional argument: 'db_manager'
Traceback (most recent call last):
  File "C:\LLM\omerGPT\test_run.py", line 35, in safe_instantiate
    inst = cls(*args, **kwargs)
           ^^^^^^^^^^^^^^^^^^^^
TypeError: KrakenIngestion.__init__() missing 1 required positional argument: 'db_manager'

  instantiate MockWebSocket FAILED: instantiation failed: MockWebSocket.__init__() got an unexpected keyword argument 'symbols'
Traceback (most recent call last):
  File "C:\LLM\omerGPT\test_run.py", line 35, in safe_instantiate
    inst = cls(*args, **kwargs)
           ^^^^^^^^^^^^^^^^^^^^
TypeError: MockWebSocket.__init__() got an unexpected keyword argument 'symbols'

  No preferred class instantiated. (Either module is functional-only or constructors require env/resources).

--- MODULE: src.ingestion.etherscan_poll ---
  classes: ['EtherscanPoller']
  functions: ['load_config', 'poll_onchain_metrics', 'run_demo']
  instantiate EtherscanPoller FAILED: instantiation failed: EtherscanPoller.__init__() missing 3 required positional arguments: 'db_manager', 'api_key', and 'addresses'
Traceback (most recent call last):
  File "C:\LLM\omerGPT\test_run.py", line 35, in safe_instantiate
    inst = cls(*args, **kwargs)
           ^^^^^^^^^^^^^^^^^^^^
TypeError: EtherscanPoller.__init__() missing 3 required positional arguments: 'db_manager', 'api_key', and 'addresses'

  instantiate EtherscanPoller FAILED: instantiation failed: EtherscanPoller.__init__() missing 3 required positional arguments: 'db_manager', 'api_key', and 'addresses'
Traceback (most recent call last):
  File "C:\LLM\omerGPT\test_run.py", line 35, in safe_instantiate
    inst = cls(*args, **kwargs)
           ^^^^^^^^^^^^^^^^^^^^
TypeError: EtherscanPoller.__init__() missing 3 required positional arguments: 'db_manager', 'api_key', and 'addresses'

  No preferred class instantiated. (Either module is functional-only or constructors require env/resources).

--- MODULE: src.ingestion.historical_loader ---
  classes: []
  functions: ['async_backoff', 'df_to_records', 'fetch_binance_ohlcv_async', 'ingest_historical', 'load_config', 'setup_structured_logging', 'shutdown']
  No preferred class instantiated. (Either module is functional-only or constructors require env/resources).

--- MODULE: src.features.feature_pipeline ---
  classes: ['FeaturePipeline', 'HMMRegimeDetector']
  functions: []
  instantiate FeaturePipeline FAILED: instantiation failed: FeaturePipeline.__init__() missing 1 required positional argument: 'db_manager'
Traceback (most recent call last):
  File "C:\LLM\omerGPT\test_run.py", line 35, in safe_instantiate
    inst = cls(*args, **kwargs)
           ^^^^^^^^^^^^^^^^^^^^
TypeError: FeaturePipeline.__init__() missing 1 required positional argument: 'db_manager'

  instantiate FeaturePipeline FAILED: instantiation failed: FeaturePipeline.__init__() missing 1 required positional argument: 'db_manager'
Traceback (most recent call last):
  File "C:\LLM\omerGPT\test_run.py", line 35, in safe_instantiate
    inst = cls(*args, **kwargs)
           ^^^^^^^^^^^^^^^^^^^^
TypeError: FeaturePipeline.__init__() missing 1 required positional argument: 'db_manager'

  instantiate HMMRegimeDetector FAILED: instantiation failed: HMMRegimeDetector.__init__() missing 1 required positional argument: 'config'
Traceback (most recent call last):
  File "C:\LLM\omerGPT\test_run.py", line 35, in safe_instantiate
    inst = cls(*args, **kwargs)
           ^^^^^^^^^^^^^^^^^^^^
TypeError: HMMRegimeDetector.__init__() missing 1 required positional argument: 'config'

  No preferred class instantiated. (Either module is functional-only or constructors require env/resources).

--- MODULE: src.anomaly_detection.isolation_forest_gpu ---
  classes: ['AnomalyDetector']
  functions: ['run_demo']
  instantiate AnomalyDetector FAILED: instantiation failed: AnomalyDetector.__init__() missing 1 required positional argument: 'db_manager'
Traceback (most recent call last):
  File "C:\LLM\omerGPT\test_run.py", line 35, in safe_instantiate
    inst = cls(*args, **kwargs)
           ^^^^^^^^^^^^^^^^^^^^
TypeError: AnomalyDetector.__init__() missing 1 required positional argument: 'db_manager'

  instantiate AnomalyDetector FAILED: instantiation failed: AnomalyDetector.__init__() missing 1 required positional argument: 'db_manager'
Traceback (most recent call last):
  File "C:\LLM\omerGPT\test_run.py", line 35, in safe_instantiate
    inst = cls(*args, **kwargs)
           ^^^^^^^^^^^^^^^^^^^^
TypeError: AnomalyDetector.__init__() missing 1 required positional argument: 'db_manager'

  No preferred class instantiated. (Either module is functional-only or constructors require env/resources).

--- MODULE: src.anomaly_detection.hmm_regime ---
  classes: ['HMMRegimeDetector', 'RegimePipeline']
  functions: []
  instantiated HMMRegimeDetector -> <class 'src.anomaly_detection.hmm_regime.HMMRegimeDetector'>

--- MODULE: src.anomaly_detection.changepoint_detector ---
  classes: ['ChangepointDetector']
  functions: []
  instantiated ChangepointDetector -> <class 'src.anomaly_detection.changepoint_detector.ChangepointDetector'>
    calling ChangepointDetector.detect() (safe mode)
      CALL FAILED -> exception calling detect: ChangepointDetector.detect() missing 1 required positional argument: 'series'
Traceback (most recent call last):
  File "C:\LLM\omerGPT\test_run.py", line 27, in safe_call
    res = fn(*args, **kwargs)
          ^^^^^^^^^^^^^^^^^^^
TypeError: ChangepointDetector.detect() missing 1 required positional argument: 'series'


--- MODULE: src.anomaly_detection.drift_monitor ---
IMPORT FAILED: import error: No module named 'cudf'
Traceback (most recent call last):
  File "C:\LLM\omerGPT\test_run.py", line 43, in import_module
    mod = importlib.import_module(path)
          ^^^^^^^^^^^^^^^^^^^^^^^^^^^^^
  File "C:\anaconda\envs\omergpt\Lib\importlib\__init__.py", line 90, in import_module
    return _bootstrap._gcd_import(name[level:], package, level)
           ^^^^^^^^^^^^^^^^^^^^^^^^^^^^^^^^^^^^^^^^^^^^^^^^^^^^
  File "<frozen importlib._bootstrap>", line 1387, in _gcd_import
  File "<frozen importlib._bootstrap>", line 1360, in _find_and_load
  File "<frozen importlib._bootstrap>", line 1331, in _find_and_load_unlocked
  File "<frozen importlib._bootstrap>", line 935, in _load_unlocked
  File "<frozen importlib._bootstrap_external>", line 999, in exec_module
  File "<frozen importlib._bootstrap>", line 488, in _call_with_frames_removed
  File "C:\LLM\omerGPT\src\anomaly_detection\drift_monitor.py", line 314, in <module>
    import cudf
ModuleNotFoundError: No module named 'cudf'


--- MODULE: src.anomaly_detection.whale_dbscan ---
IMPORT FAILED: import error: No module named 'cudf'
Traceback (most recent call last):
  File "C:\LLM\omerGPT\test_run.py", line 43, in import_module
    mod = importlib.import_module(path)
          ^^^^^^^^^^^^^^^^^^^^^^^^^^^^^
  File "C:\anaconda\envs\omergpt\Lib\importlib\__init__.py", line 90, in import_module
    return _bootstrap._gcd_import(name[level:], package, level)
           ^^^^^^^^^^^^^^^^^^^^^^^^^^^^^^^^^^^^^^^^^^^^^^^^^^^^
  File "<frozen importlib._bootstrap>", line 1387, in _gcd_import
  File "<frozen importlib._bootstrap>", line 1360, in _find_and_load
  File "<frozen importlib._bootstrap>", line 1331, in _find_and_load_unlocked
  File "<frozen importlib._bootstrap>", line 935, in _load_unlocked
  File "<frozen importlib._bootstrap_external>", line 999, in exec_module
  File "<frozen importlib._bootstrap>", line 488, in _call_with_frames_removed
  File "C:\LLM\omerGPT\src\anomaly_detection\whale_dbscan.py", line 8, in <module>
    import cudf
ModuleNotFoundError: No module named 'cudf'


--- MODULE: src.anomaly_detection.ensemble_detector ---
  classes: ['EnsembleAnomalyDetector']
  functions: []
  instantiate EnsembleAnomalyDetector FAILED: instantiation failed: EnsembleAnomalyDetector.__init__() missing 1 required positional argument: 'config'
Traceback (most recent call last):
  File "C:\LLM\omerGPT\test_run.py", line 35, in safe_instantiate
    inst = cls(*args, **kwargs)
           ^^^^^^^^^^^^^^^^^^^^
TypeError: EnsembleAnomalyDetector.__init__() missing 1 required positional argument: 'config'

  instantiate EnsembleAnomalyDetector FAILED: instantiation failed: EnsembleAnomalyDetector.__init__() missing 1 required positional argument: 'config'
Traceback (most recent call last):
  File "C:\LLM\omerGPT\test_run.py", line 35, in safe_instantiate
    inst = cls(*args, **kwargs)
           ^^^^^^^^^^^^^^^^^^^^
TypeError: EnsembleAnomalyDetector.__init__() missing 1 required positional argument: 'config'

  No preferred class instantiated. (Either module is functional-only or constructors require env/resources).

--- MODULE: src.storage.db_manager ---
  classes: ['DatabaseManager']
  functions: ['init_db']
  instantiate DatabaseManager FAILED: instantiation failed: DatabaseManager.__init__() got an unexpected keyword argument 'path'
Traceback (most recent call last):
  File "C:\LLM\omerGPT\test_run.py", line 35, in safe_instantiate
    inst = cls(*args, **kwargs)
           ^^^^^^^^^^^^^^^^^^^^
TypeError: DatabaseManager.__init__() got an unexpected keyword argument 'path'

  instantiate DatabaseManager FAILED: instantiation failed: DatabaseManager.__init__() got an unexpected keyword argument 'path'
Traceback (most recent call last):
  File "C:\LLM\omerGPT\test_run.py", line 35, in safe_instantiate
    inst = cls(*args, **kwargs)
           ^^^^^^^^^^^^^^^^^^^^
TypeError: DatabaseManager.__init__() got an unexpected keyword argument 'path'

  No preferred class instantiated. (Either module is functional-only or constructors require env/resources).

--- MODULE: src.alerts.telegram_bot ---
  classes: ['TelegramBot']
  functions: ['run_demo', 'send_alert_limited']
  instantiate TelegramBot FAILED: instantiation failed: TelegramBot.__init__() got an unexpected keyword argument 'chat_id'
Traceback (most recent call last):
  File "C:\LLM\omerGPT\test_run.py", line 35, in safe_instantiate
    inst = cls(*args, **kwargs)
           ^^^^^^^^^^^^^^^^^^^^
TypeError: TelegramBot.__init__() got an unexpected keyword argument 'chat_id'

  instantiate TelegramBot FAILED: instantiation failed: TelegramBot.__init__() got an unexpected keyword argument 'chat_id'
Traceback (most recent call last):
  File "C:\LLM\omerGPT\test_run.py", line 35, in safe_instantiate
    inst = cls(*args, **kwargs)
           ^^^^^^^^^^^^^^^^^^^^
TypeError: TelegramBot.__init__() got an unexpected keyword argument 'chat_id'

  No preferred class instantiated. (Either module is functional-only or constructors require env/resources).

--- MODULE: src.system_monitor.dashboard_app ---
IMPORT FAILED: import error: name 'Optional' is not defined
Traceback (most recent call last):
  File "C:\LLM\omerGPT\test_run.py", line 43, in import_module
    mod = importlib.import_module(path)
          ^^^^^^^^^^^^^^^^^^^^^^^^^^^^^
  File "C:\anaconda\envs\omergpt\Lib\importlib\__init__.py", line 90, in import_module
    return _bootstrap._gcd_import(name[level:], package, level)
           ^^^^^^^^^^^^^^^^^^^^^^^^^^^^^^^^^^^^^^^^^^^^^^^^^^^^
  File "<frozen importlib._bootstrap>", line 1387, in _gcd_import
  File "<frozen importlib._bootstrap>", line 1360, in _find_and_load
  File "<frozen importlib._bootstrap>", line 1331, in _find_and_load_unlocked
  File "<frozen importlib._bootstrap>", line 935, in _load_unlocked
  File "<frozen importlib._bootstrap_external>", line 999, in exec_module
  File "<frozen importlib._bootstrap>", line 488, in _call_with_frames_removed
  File "C:\LLM\omerGPT\src\system_monitor\dashboard_app.py", line 28, in <module>
    class DashboardApp:
  File "C:\LLM\omerGPT\src\system_monitor\dashboard_app.py", line 440, in DashboardApp
    def _get_latest_equity_curve(self) -> Optional[str]:
                                          ^^^^^^^^
NameError: name 'Optional' is not defined


--- MODULE: src.api.server ---
  classes: []
  functions: ['global_exception_handler', 'main', 'shutdown_event', 'startup_event']
  No preferred class instantiated. (Either module is functional-only or constructors require env/resources).

--- MODULE: src.validation.backtest_runner ---
  classes: ['BacktestRunner']
  functions: []
  instantiated BacktestRunner -> <class 'src.validation.backtest_runner.BacktestRunner'>

--- MODULE: src.validation.backtester ---
  classes: ['WalkForwardBacktester']
  functions: []
  instantiate WalkForwardBacktester FAILED: instantiation failed: WalkForwardBacktester.__init__() missing 1 required positional argument: 'config'
Traceback (most recent call last):
  File "C:\LLM\omerGPT\test_run.py", line 35, in safe_instantiate
    inst = cls(*args, **kwargs)
           ^^^^^^^^^^^^^^^^^^^^
TypeError: WalkForwardBacktester.__init__() missing 1 required positional argument: 'config'

  instantiate WalkForwardBacktester FAILED: instantiation failed: WalkForwardBacktester.__init__() missing 1 required positional argument: 'config'
Traceback (most recent call last):
  File "C:\LLM\omerGPT\test_run.py", line 35, in safe_instantiate
    inst = cls(*args, **kwargs)
           ^^^^^^^^^^^^^^^^^^^^
TypeError: WalkForwardBacktester.__init__() missing 1 required positional argument: 'config'

  No preferred class instantiated. (Either module is functional-only or constructors require env/resources).

--- MODULE: src.validation.metrics ---
  classes: ['PerformanceMetrics']
  functions: []
  instantiate PerformanceMetrics FAILED: instantiation failed: PerformanceMetrics.__init__() missing 1 required positional argument: 'config'
Traceback (most recent call last):
  File "C:\LLM\omerGPT\test_run.py", line 35, in safe_instantiate
    inst = cls(*args, **kwargs)
           ^^^^^^^^^^^^^^^^^^^^
TypeError: PerformanceMetrics.__init__() missing 1 required positional argument: 'config'

  instantiate PerformanceMetrics FAILED: instantiation failed: PerformanceMetrics.__init__() missing 1 required positional argument: 'config'
Traceback (most recent call last):
  File "C:\LLM\omerGPT\test_run.py", line 35, in safe_instantiate
    inst = cls(*args, **kwargs)
           ^^^^^^^^^^^^^^^^^^^^
TypeError: PerformanceMetrics.__init__() missing 1 required positional argument: 'config'

  No preferred class instantiated. (Either module is functional-only or constructors require env/resources).

--- MODULE: src.validation.validation_metrics ---
  classes: ['ValidationMetricsGPU']
  functions: []
  instantiated ValidationMetricsGPU -> <class 'src.validation.validation_metrics.ValidationMetricsGPU'>

Smoke test completed. See module_run_report.txt for details.

======================================================================
oMerGPT runtime smoke test - 2025-11-03T06:15:54.182777Z
Working dir: C:\LLM\omerGPT
Python: C:\anaconda\envs\omergpt\python.exe


--- MODULE: src.ingestion.binance_ws ---
  classes: ['AsyncRateLimiter', 'BinanceIngestion', 'BinanceWebSocketClient', 'MockWebSocket']
  functions: ['async_retry', 'load_config', 'run_demo', 'setup_structured_logging', 'snapshot_orderbook']
  instantiate BinanceIngestion FAILED: instantiation failed: BinanceIngestion.__init__() missing 1 required positional argument: 'db_manager'
Traceback (most recent call last):
  File "C:\LLM\omerGPT\test_run.py", line 39, in safe_instantiate
    inst = cls(*args, **kwargs)
           ^^^^^^^^^^^^^^^^^^^^
TypeError: BinanceIngestion.__init__() missing 1 required positional argument: 'db_manager'

  No preferred class instantiated. (Either module is functional-only or constructors require env/resources).

--- MODULE: src.ingestion.kraken_ws ---
  classes: ['AsyncRateLimiter', 'KrakenIngestion', 'MockWebSocket']
  functions: ['async_retry', 'load_config', 'run_demo', 'setup_structured_logging']
  instantiate KrakenIngestion FAILED: instantiation failed: KrakenIngestion.__init__() missing 1 required positional argument: 'db_manager'
Traceback (most recent call last):
  File "C:\LLM\omerGPT\test_run.py", line 39, in safe_instantiate
    inst = cls(*args, **kwargs)
           ^^^^^^^^^^^^^^^^^^^^
TypeError: KrakenIngestion.__init__() missing 1 required positional argument: 'db_manager'

  No preferred class instantiated. (Either module is functional-only or constructors require env/resources).

--- MODULE: src.ingestion.etherscan_poll ---
  classes: ['EtherscanPoller']
  functions: ['load_config', 'poll_onchain_metrics', 'run_demo']
  instantiate EtherscanPoller FAILED: instantiation failed: EtherscanPoller.__init__() missing 3 required positional arguments: 'db_manager', 'api_key', and 'addresses'
Traceback (most recent call last):
  File "C:\LLM\omerGPT\test_run.py", line 39, in safe_instantiate
    inst = cls(*args, **kwargs)
           ^^^^^^^^^^^^^^^^^^^^
TypeError: EtherscanPoller.__init__() missing 3 required positional arguments: 'db_manager', 'api_key', and 'addresses'

  No preferred class instantiated. (Either module is functional-only or constructors require env/resources).

--- MODULE: src.ingestion.historical_loader ---
  classes: []
  functions: ['async_backoff', 'df_to_records', 'fetch_binance_ohlcv_async', 'ingest_historical', 'load_config', 'setup_structured_logging', 'shutdown']
  No preferred class instantiated. (Either module is functional-only or constructors require env/resources).

--- MODULE: src.features.feature_pipeline ---
  classes: ['FeaturePipeline', 'HMMRegimeDetector']
  functions: []
  instantiate FeaturePipeline FAILED: instantiation failed: FeaturePipeline.__init__() missing 1 required positional argument: 'db_manager'
Traceback (most recent call last):
  File "C:\LLM\omerGPT\test_run.py", line 39, in safe_instantiate
    inst = cls(*args, **kwargs)
           ^^^^^^^^^^^^^^^^^^^^
TypeError: FeaturePipeline.__init__() missing 1 required positional argument: 'db_manager'

  No preferred class instantiated. (Either module is functional-only or constructors require env/resources).

--- MODULE: src.anomaly_detection.isolation_forest_gpu ---
  classes: ['AnomalyDetector']
  functions: ['run_demo']
  instantiate AnomalyDetector FAILED: instantiation failed: AnomalyDetector.__init__() missing 1 required positional argument: 'db_manager'
Traceback (most recent call last):
  File "C:\LLM\omerGPT\test_run.py", line 39, in safe_instantiate
    inst = cls(*args, **kwargs)
           ^^^^^^^^^^^^^^^^^^^^
TypeError: AnomalyDetector.__init__() missing 1 required positional argument: 'db_manager'

  No preferred class instantiated. (Either module is functional-only or constructors require env/resources).

--- MODULE: src.anomaly_detection.hmm_regime ---
  classes: ['HMMRegimeDetector', 'RegimePipeline']
  functions: []
  instantiated HMMRegimeDetector -> <class 'src.anomaly_detection.hmm_regime.HMMRegimeDetector'>
  instantiated RegimePipeline -> <class 'src.anomaly_detection.hmm_regime.RegimePipeline'>

--- MODULE: src.anomaly_detection.changepoint_detector ---
  classes: ['ChangepointDetector']
  functions: []
  instantiated ChangepointDetector -> <class 'src.anomaly_detection.changepoint_detector.ChangepointDetector'>
    calling ChangepointDetector.detect() (safe mode)
      CALL FAILED -> exception calling detect: ChangepointDetector.detect() missing 1 required positional argument: 'series'
Traceback (most recent call last):
  File "C:\LLM\omerGPT\test_run.py", line 31, in safe_call
    res = fn(*args, **kwargs)
          ^^^^^^^^^^^^^^^^^^^
TypeError: ChangepointDetector.detect() missing 1 required positional argument: 'series'


--- MODULE: src.anomaly_detection.drift_monitor ---
Skipping src.anomaly_detection.drift_monitor (requires cudf, not available on Windows)
IMPORT FAILED: Skipping src.anomaly_detection.drift_monitor (requires cudf, not available on Windows)

--- MODULE: src.anomaly_detection.whale_dbscan ---
Skipping src.anomaly_detection.whale_dbscan (requires cudf, not available on Windows)
IMPORT FAILED: Skipping src.anomaly_detection.whale_dbscan (requires cudf, not available on Windows)

--- MODULE: src.anomaly_detection.ensemble_detector ---
  classes: ['EnsembleAnomalyDetector']
  functions: []
  instantiate EnsembleAnomalyDetector FAILED: instantiation failed: EnsembleAnomalyDetector.__init__() missing 1 required positional argument: 'config'
Traceback (most recent call last):
  File "C:\LLM\omerGPT\test_run.py", line 39, in safe_instantiate
    inst = cls(*args, **kwargs)
           ^^^^^^^^^^^^^^^^^^^^
TypeError: EnsembleAnomalyDetector.__init__() missing 1 required positional argument: 'config'

  No preferred class instantiated. (Either module is functional-only or constructors require env/resources).

--- MODULE: src.storage.db_manager ---
  classes: ['DatabaseManager']
  functions: ['init_db']
  instantiated DatabaseManager -> <class 'src.storage.db_manager.DatabaseManager'>

--- MODULE: src.alerts.telegram_bot ---
  classes: ['TelegramBot']
  functions: ['run_demo', 'send_alert_limited']
  instantiate TelegramBot FAILED: instantiation failed: TelegramBot.__init__() missing 2 required positional arguments: 'db_manager' and 'chat_ids'
Traceback (most recent call last):
  File "C:\LLM\omerGPT\test_run.py", line 39, in safe_instantiate
    inst = cls(*args, **kwargs)
           ^^^^^^^^^^^^^^^^^^^^
TypeError: TelegramBot.__init__() missing 2 required positional arguments: 'db_manager' and 'chat_ids'

  No preferred class instantiated. (Either module is functional-only or constructors require env/resources).

--- MODULE: src.system_monitor.dashboard_app ---
IMPORT FAILED: import error: name 'Optional' is not defined
Traceback (most recent call last):
  File "C:\LLM\omerGPT\test_run.py", line 48, in import_module
    mod = importlib.import_module(path)
          ^^^^^^^^^^^^^^^^^^^^^^^^^^^^^
  File "C:\anaconda\envs\omergpt\Lib\importlib\__init__.py", line 90, in import_module
    return _bootstrap._gcd_import(name[level:], package, level)
           ^^^^^^^^^^^^^^^^^^^^^^^^^^^^^^^^^^^^^^^^^^^^^^^^^^^^
  File "<frozen importlib._bootstrap>", line 1387, in _gcd_import
  File "<frozen importlib._bootstrap>", line 1360, in _find_and_load
  File "<frozen importlib._bootstrap>", line 1331, in _find_and_load_unlocked
  File "<frozen importlib._bootstrap>", line 935, in _load_unlocked
  File "<frozen importlib._bootstrap_external>", line 999, in exec_module
  File "<frozen importlib._bootstrap>", line 488, in _call_with_frames_removed
  File "C:\LLM\omerGPT\src\system_monitor\dashboard_app.py", line 28, in <module>
    class DashboardApp:
  File "C:\LLM\omerGPT\src\system_monitor\dashboard_app.py", line 440, in DashboardApp
    def _get_latest_equity_curve(self) -> Optional[str]:
                                          ^^^^^^^^
NameError: name 'Optional' is not defined


--- MODULE: src.api.server ---
  classes: []
  functions: ['global_exception_handler', 'main', 'shutdown_event', 'startup_event']
  No preferred class instantiated. (Either module is functional-only or constructors require env/resources).

--- MODULE: src.validation.backtest_runner ---
  classes: ['BacktestRunner']
  functions: []
  instantiated BacktestRunner -> <class 'src.validation.backtest_runner.BacktestRunner'>

--- MODULE: src.validation.backtester ---
  classes: ['WalkForwardBacktester']
  functions: []
  instantiate WalkForwardBacktester FAILED: instantiation failed: WalkForwardBacktester.__init__() missing 1 required positional argument: 'config'
Traceback (most recent call last):
  File "C:\LLM\omerGPT\test_run.py", line 39, in safe_instantiate
    inst = cls(*args, **kwargs)
           ^^^^^^^^^^^^^^^^^^^^
TypeError: WalkForwardBacktester.__init__() missing 1 required positional argument: 'config'

  No preferred class instantiated. (Either module is functional-only or constructors require env/resources).

--- MODULE: src.validation.metrics ---
  classes: ['PerformanceMetrics']
  functions: []
  instantiate PerformanceMetrics FAILED: instantiation failed: PerformanceMetrics.__init__() missing 1 required positional argument: 'config'
Traceback (most recent call last):
  File "C:\LLM\omerGPT\test_run.py", line 39, in safe_instantiate
    inst = cls(*args, **kwargs)
           ^^^^^^^^^^^^^^^^^^^^
TypeError: PerformanceMetrics.__init__() missing 1 required positional argument: 'config'

  No preferred class instantiated. (Either module is functional-only or constructors require env/resources).

--- MODULE: src.validation.validation_metrics ---
  classes: ['ValidationMetricsGPU']
  functions: []
  instantiated ValidationMetricsGPU -> <class 'src.validation.validation_metrics.ValidationMetricsGPU'>

Smoke test completed. See module_run_report.txt for details.

